<?xml version="1.0" encoding="UTF-8"?>
<!-- Generated by org.testng.reporters.JUnitXMLReporter -->
<testsuite hostname="LAPTOP-TEJ5K7T2" ignored="0" name="Surefire test" tests="6" failures="2" timestamp="2021-12-20T12:08:26 IST" time="59.819" errors="0">
  <testcase name="noCitation" time="11.908" classname="Qualitest.qtrecog.InvalidSendKudosTest">
    <failure type="java.lang.AssertionError" message="expected [true] but found [false]">
      <![CDATA[java.lang.AssertionError: expected [true] but found [false]
at Qualitest.qtrecog.InvalidSendKudosTest.noCitation(InvalidSendKudosTest.java:67)
at java.util.ArrayList.forEach(ArrayList.java:1257)
... Removed 36 stack frames]]>
    </failure>
  </testcase> <!-- noCitation -->
  <testcase name="noKudosImage" time="9.764" classname="Qualitest.qtrecog.InvalidSendKudosTest"/>
  <testcase name="nonQtEmail" time="9.917" classname="Qualitest.qtrecog.InvalidSendKudosTest">
    <failure type="java.lang.AssertionError" message="expected [true] but found [false]">
      <![CDATA[java.lang.AssertionError: expected [true] but found [false]
at Qualitest.qtrecog.InvalidSendKudosTest.nonQtEmail(InvalidSendKudosTest.java:48)
at java.util.ArrayList.forEach(ArrayList.java:1257)
... Removed 36 stack frames]]>
    </failure>
  </testcase> <!-- nonQtEmail -->
  <testcase name="searchKudos" time="6.818" classname="Qualitest.qtrecog.SearchKudosTest"/>
  <testcase name="searchKudos1" time="10.583" classname="Qualitest.qtrecog.SearchKudosTest"/>
  <testcase name="userKudosLogin" time="10.769" classname="Qualitest.qtrecog.SendKudosTestCase"/>
</testsuite> <!-- Surefire test -->
